# JRE version: OpenJDK Runtime Environment (8.0_152-b02) (build 1.8.0_152-release-1024-b02)
# Java VM: OpenJDK 64-Bit Server VM (25.152-b02 mixed mode windows-amd64 compressed oops)
Heap:
 PSYoungGen      total 414720K, used 351017K [0x00000000e0000000, 0x00000000fd200000, 0x0000000100000000)
  eden space 403968K, 86% used [0x00000000e0000000,0x00000000f56ca658,0x00000000f8a80000)
  from space 10752K, 0% used [0x00000000fc780000,0x00000000fc780000,0x00000000fd200000)
  to   space 26624K, 0% used [0x00000000f9e00000,0x00000000f9e00000,0x00000000fb800000)
 ParOldGen       total 161792K, used 42090K [0x00000000a0000000, 0x00000000a9e00000, 0x00000000e0000000)
  object space 161792K, 26% used [0x00000000a0000000,0x00000000a291a8e0,0x00000000a9e00000)
 Metaspace       used 94588K, capacity 98480K, committed 100480K, reserved 1136640K
  class space    used 11728K, capacity 12554K, committed 12928K, reserved 1048576K
GC Heap History (10 events):
Event: 1925.298 GC heap before
{Heap before GC invocations=20 (full 3):
 PSYoungGen      total 487936K, used 468210K [0x00000000e0000000, 0x00000000ffd00000, 0x0000000100000000)
  eden space 459776K, 100% used [0x00000000e0000000,0x00000000fc100000,0x00000000fc100000)
  from space 28160K, 29% used [0x00000000fe180000,0x00000000fe9bc908,0x00000000ffd00000)
  to   space 30720K, 0% used [0x00000000fc100000,0x00000000fc100000,0x00000000fdf00000)
 ParOldGen       total 114688K, used 86772K [0x00000000a0000000, 0x00000000a7000000, 0x00000000e0000000)
  object space 114688K, 75% used [0x00000000a0000000,0x00000000a54bd3f8,0x00000000a7000000)
 Metaspace       used 87404K, capacity 92068K, committed 92416K, reserved 1130496K
  class space    used 11011K, capacity 11917K, committed 12032K, reserved 1048576K
Event: 1925.310 GC heap after
Heap after GC invocations=20 (full 3):
 PSYoungGen      total 490496K, used 7495K [0x00000000e0000000, 0x0000000100000000, 0x0000000100000000)
  eden space 459776K, 0% used [0x00000000e0000000,0x00000000e0000000,0x00000000fc100000)
  from space 30720K, 24% used [0x00000000fc100000,0x00000000fc851c88,0x00000000fdf00000)
  to   space 30208K, 0% used [0x00000000fe280000,0x00000000fe280000,0x0000000100000000)
 ParOldGen       total 114688K, used 86780K [0x00000000a0000000, 0x00000000a7000000, 0x00000000e0000000)
  object space 114688K, 75% used [0x00000000a0000000,0x00000000a54bf3f8,0x00000000a7000000)
 Metaspace       used 87404K, capacity 92068K, committed 92416K, reserved 1130496K
  class space    used 11011K, capacity 11917K, committed 12032K, reserved 1048576K
}
Event: 1930.924 GC heap before
{Heap before GC invocations=21 (full 3):
 PSYoungGen      total 490496K, used 467271K [0x00000000e0000000, 0x0000000100000000, 0x0000000100000000)
  eden space 459776K, 100% used [0x00000000e0000000,0x00000000fc100000,0x00000000fc100000)
  from space 30720K, 24% used [0x00000000fc100000,0x00000000fc851c88,0x00000000fdf00000)
  to   space 30208K, 0% used [0x00000000fe280000,0x00000000fe280000,0x0000000100000000)
 ParOldGen       total 114688K, used 86780K [0x00000000a0000000, 0x00000000a7000000, 0x00000000e0000000)
  object space 114688K, 75% used [0x00000000a0000000,0x00000000a54bf3f8,0x00000000a7000000)
 Metaspace       used 87882K, capacity 92676K, committed 92928K, reserved 1130496K
  class space    used 11043K, capacity 11973K, committed 12032K, reserved 1048576K
Event: 1930.939 GC heap after
Heap after GC invocations=21 (full 3):
 PSYoungGen      total 450048K, used 9505K [0x00000000e0000000, 0x00000000fec00000, 0x0000000100000000)
  eden space 440320K, 0% used [0x00000000e0000000,0x00000000e0000000,0x00000000fae00000)
  from space 9728K, 97% used [0x00000000fe280000,0x00000000febc8578,0x00000000fec00000)
  to   space 29184K, 0% used [0x00000000fb300000,0x00000000fb300000,0x00000000fcf80000)
 ParOldGen       total 114688K, used 86788K [0x00000000a0000000, 0x00000000a7000000, 0x00000000e0000000)
  object space 114688K, 75% used [0x00000000a0000000,0x00000000a54c13f8,0x00000000a7000000)
 Metaspace       used 87882K, capacity 92676K, committed 92928K, reserved 1130496K
  class space    used 11043K, capacity 11973K, committed 12032K, reserved 1048576K
}
Event: 6078.120 GC heap before
{Heap before GC invocations=22 (full 3):
 PSYoungGen      total 450048K, used 448987K [0x00000000e0000000, 0x00000000fec00000, 0x0000000100000000)
  eden space 440320K, 99% used [0x00000000e0000000,0x00000000fad2e8d0,0x00000000fae00000)
  from space 9728K, 97% used [0x00000000fe280000,0x00000000febc8578,0x00000000fec00000)
  to   space 29184K, 0% used [0x00000000fb300000,0x00000000fb300000,0x00000000fcf80000)
 ParOldGen       total 114688K, used 86788K [0x00000000a0000000, 0x00000000a7000000, 0x00000000e0000000)
  object space 114688K, 75% used [0x00000000a0000000,0x00000000a54c13f8,0x00000000a7000000)
 Metaspace       used 88504K, capacity 93456K, committed 93696K, reserved 1130496K
  class space    used 11075K, capacity 12027K, committed 12032K, reserved 1048576K
Event: 6078.140 GC heap after
Heap after GC invocations=22 (full 3):
 PSYoungGen      total 432640K, used 10251K [0x00000000e0000000, 0x00000000fe300000, 0x0000000100000000)
  eden space 421888K, 0% used [0x00000000e0000000,0x00000000e0000000,0x00000000f9c00000)
  from space 10752K, 95% used [0x00000000fb300000,0x00000000fbd02d60,0x00000000fbd80000)
  to   space 28160K, 0% used [0x00000000fc780000,0x00000000fc780000,0x00000000fe300000)
 ParOldGen       total 114688K, used 86796K [0x00000000a0000000, 0x00000000a7000000, 0x00000000e0000000)
  object space 114688K, 75% used [0x00000000a0000000,0x00000000a54c33f8,0x00000000a7000000)
 Metaspace       used 88504K, capacity 93456K, committed 93696K, reserved 1130496K
  class space    used 11075K, capacity 12027K, committed 12032K, reserved 1048576K
}
Event: 9124.416 GC heap before
{Heap before GC invocations=23 (full 3):
 PSYoungGen      total 432640K, used 351339K [0x00000000e0000000, 0x00000000fe300000, 0x0000000100000000)
  eden space 421888K, 80% used [0x00000000e0000000,0x00000000f4d17fc8,0x00000000f9c00000)
  from space 10752K, 95% used [0x00000000fb300000,0x00000000fbd02d60,0x00000000fbd80000)
  to   space 28160K, 0% used [0x00000000fc780000,0x00000000fc780000,0x00000000fe300000)
 ParOldGen       total 114688K, used 86796K [0x00000000a0000000, 0x00000000a7000000, 0x00000000e0000000)
  object space 114688K, 75% used [0x00000000a0000000,0x00000000a54c33f8,0x00000000a7000000)
 Metaspace       used 92728K, capacity 98250K, committed 98348K, reserved 1134592K
  class space    used 11575K, capacity 12661K, committed 12672K, reserved 1048576K
Event: 9124.436 GC heap after
Heap after GC invocations=23 (full 3):
 PSYoungGen      total 414720K, used 10265K [0x00000000e0000000, 0x00000000fd200000, 0x0000000100000000)
  eden space 403968K, 0% used [0x00000000e0000000,0x00000000e0000000,0x00000000f8a80000)
  from space 10752K, 95% used [0x00000000fc780000,0x00000000fd186510,0x00000000fd200000)
  to   space 26624K, 0% used [0x00000000f9e00000,0x00000000f9e00000,0x00000000fb800000)
 ParOldGen       total 114688K, used 86804K [0x00000000a0000000, 0x00000000a7000000, 0x00000000e0000000)
  object space 114688K, 75% used [0x00000000a0000000,0x00000000a54c53f8,0x00000000a7000000)
 Metaspace       used 92728K, capacity 98250K, committed 98348K, reserved 1134592K
  class space    used 11575K, capacity 12661K, committed 12672K, reserved 1048576K
}
Event: 9124.436 GC heap before
{Heap before GC invocations=24 (full 4):
 PSYoungGen      total 414720K, used 10265K [0x00000000e0000000, 0x00000000fd200000, 0x0000000100000000)
  eden space 403968K, 0% used [0x00000000e0000000,0x00000000e0000000,0x00000000f8a80000)
  from space 10752K, 95% used [0x00000000fc780000,0x00000000fd186510,0x00000000fd200000)
  to   space 26624K, 0% used [0x00000000f9e00000,0x00000000f9e00000,0x00000000fb800000)
 ParOldGen       total 114688K, used 86804K [0x00000000a0000000, 0x00000000a7000000, 0x00000000e0000000)
  object space 114688K, 75% used [0x00000000a0000000,0x00000000a54c53f8,0x00000000a7000000)
 Metaspace       used 92728K, capacity 98250K, committed 98348K, reserved 1134592K
  class space    used 11575K, capacity 12661K, committed 12672K, reserved 1048576K
Event: 9124.824 GC heap after
Heap after GC invocations=24 (full 4):
 PSYoungGen      total 414720K, used 0K [0x00000000e0000000, 0x00000000fd200000, 0x0000000100000000)
  eden space 403968K, 0% used [0x00000000e0000000,0x00000000e0000000,0x00000000f8a80000)
  from space 10752K, 0% used [0x00000000fc780000,0x00000000fc780000,0x00000000fd200000)
  to   space 26624K, 0% used [0x00000000f9e00000,0x00000000f9e00000,0x00000000fb800000)
 ParOldGen       total 161792K, used 42090K [0x00000000a0000000, 0x00000000a9e00000, 0x00000000e0000000)
  object space 161792K, 26% used [0x00000000a0000000,0x00000000a291a8e0,0x00000000a9e00000)
 Metaspace       used 88786K, capacity 92048K, committed 98348K, reserved 1134592K
  class space    used 10983K, capacity 11620K, committed 12672K, reserved 1048576K
}

